<?xml version="1.0" encoding="UTF-8"?>
<testsuite xmlns:xsi="http://www.w3.org/2001/XMLSchema-instance" xsi:noNamespaceSchemaLocation="https://maven.apache.org/surefire/maven-surefire-plugin/xsd/surefire-test-report.xsd" name="ru.neoflex.sender.Controller.UserControllerTest" time="0.817" tests="3" errors="0" skipped="0" failures="0">
  <properties>
[...]
</properties>
  <testcase name="delete" classname="ru.neoflex.sender.Controller.UserControllerTest" time="0.626"/>
  <testcase name="save" classname="ru.neoflex.sender.Controller.UserControllerTest" time="0.004"/>
  <testcase name="listUser" classname="ru.neoflex.sender.Controller.UserControllerTest" time="0.017"/>
</testsuite>